# JRE version: OpenJDK Runtime Environment (17.0.17+10) (build 17.0.17+10-Ubuntu-124.04)
# Java VM: OpenJDK 64-Bit Server VM (17.0.17+10-Ubuntu-124.04, mixed mode, sharing, tiered, compressed oops, compressed class ptrs, g1 gc, linux-amd64)
GC Precious Log:
 CPUs: 16 total, 16 available
 Memory: 15399M
 Large Page Support: Disabled
 NUMA Support: Disabled
 Compressed Oops: Enabled (32-bit)
 Heap Region Size: 1M
 Heap Min Capacity: 8M
 Heap Initial Capacity: 242M
 Heap Max Capacity: 512M
 Pre-touch: Disabled
 Parallel Workers: 13
 Concurrent Workers: 3
 Concurrent Refinement Workers: 13
 Periodic GC: Disabled
Heap:
 garbage-first heap   total 249856K, used 183576K [0x00000000e0000000, 0x0000000100000000)
  region size 1024K, 131 young (134144K), 14 survivors (14336K)
 Metaspace       used 13341K, committed 13568K, reserved 1114112K
  class space    used 1539K, committed 1664K, reserved 1048576K
GC Heap History (12 events):
Event: 0.563 GC heap before
{Heap before GC invocations=0 (full 0):
 garbage-first heap   total 249856K, used 23476K [0x00000000e0000000, 0x0000000100000000)
  region size 1024K, 23 young (23552K), 0 survivors (0K)
 Metaspace       used 4830K, committed 4992K, reserved 1114112K
  class space    used 525K, committed 640K, reserved 1048576K
}
Event: 0.566 GC heap after
{Heap after GC invocations=1 (full 0):
 garbage-first heap   total 249856K, used 7300K [0x00000000e0000000, 0x0000000100000000)
  region size 1024K, 3 young (3072K), 3 survivors (3072K)
 Metaspace       used 4830K, committed 4992K, reserved 1114112K
  class space    used 525K, committed 640K, reserved 1048576K
}
Event: 0.877 GC heap before
{Heap before GC invocations=1 (full 0):
 garbage-first heap   total 249856K, used 36996K [0x00000000e0000000, 0x0000000100000000)
  region size 1024K, 32 young (32768K), 3 survivors (3072K)
 Metaspace       used 6299K, committed 6464K, reserved 1114112K
  class space    used 857K, committed 960K, reserved 1048576K
}
Event: 0.880 GC heap after
{Heap after GC invocations=2 (full 0):
 garbage-first heap   total 249856K, used 7405K [0x00000000e0000000, 0x0000000100000000)
  region size 1024K, 1 young (1024K), 1 survivors (1024K)
 Metaspace       used 6299K, committed 6464K, reserved 1114112K
  class space    used 857K, committed 960K, reserved 1048576K
}
Event: 2.153 GC heap before
{Heap before GC invocations=2 (full 0):
 garbage-first heap   total 249856K, used 158957K [0x00000000e0000000, 0x0000000100000000)
  region size 1024K, 145 young (148480K), 1 survivors (1024K)
 Metaspace       used 10055K, committed 10240K, reserved 1114112K
  class space    used 1271K, committed 1344K, reserved 1048576K
}
Event: 2.158 GC heap after
{Heap after GC invocations=3 (full 0):
 garbage-first heap   total 249856K, used 23263K [0x00000000e0000000, 0x0000000100000000)
  region size 1024K, 11 young (11264K), 11 survivors (11264K)
 Metaspace       used 10055K, committed 10240K, reserved 1114112K
  class space    used 1271K, committed 1344K, reserved 1048576K
}
Event: 2.619 GC heap before
{Heap before GC invocations=3 (full 0):
 garbage-first heap   total 249856K, used 160479K [0x00000000e0000000, 0x0000000100000000)
  region size 1024K, 145 young (148480K), 11 survivors (11264K)
 Metaspace       used 11831K, committed 12032K, reserved 1114112K
  class space    used 1443K, committed 1536K, reserved 1048576K
}
Event: 2.629 GC heap after
{Heap after GC invocations=4 (full 0):
 garbage-first heap   total 249856K, used 36025K [0x00000000e0000000, 0x0000000100000000)
  region size 1024K, 14 young (14336K), 14 survivors (14336K)
 Metaspace       used 11831K, committed 12032K, reserved 1114112K
  class space    used 1443K, committed 1536K, reserved 1048576K
}
Event: 3.270 GC heap before
{Heap before GC invocations=4 (full 0):
 garbage-first heap   total 249856K, used 170169K [0x00000000e0000000, 0x0000000100000000)
  region size 1024K, 145 young (148480K), 14 survivors (14336K)
 Metaspace       used 12609K, committed 12800K, reserved 1114112K
  class space    used 1471K, committed 1536K, reserved 1048576K
}
Event: 3.282 GC heap after
{Heap after GC invocations=5 (full 0):
 garbage-first heap   total 249856K, used 50947K [0x00000000e0000000, 0x0000000100000000)
  region size 1024K, 15 young (15360K), 15 survivors (15360K)
 Metaspace       used 12609K, committed 12800K, reserved 1114112K
  class space    used 1471K, committed 1536K, reserved 1048576K
}
Event: 3.948 GC heap before
{Heap before GC invocations=5 (full 0):
 garbage-first heap   total 249856K, used 182019K [0x00000000e0000000, 0x0000000100000000)
  region size 1024K, 143 young (146432K), 15 survivors (15360K)
 Metaspace       used 12711K, committed 12864K, reserved 1114112K
  class space    used 1474K, committed 1536K, reserved 1048576K
}
Event: 3.961 GC heap after
{Heap after GC invocations=6 (full 0):
 garbage-first heap   total 249856K, used 64792K [0x00000000e0000000, 0x0000000100000000)
  region size 1024K, 14 young (14336K), 14 survivors (14336K)
 Metaspace       used 12711K, committed 12864K, reserved 1114112K
  class space    used 1474K, committed 1536K, reserved 1048576K
}

